{"numFailedTestSuites":0,"numFailedTests":0,"numPassedTestSuites":8,"numPassedTests":30,"numPendingTestSuites":0,"numPendingTests":0,"numRuntimeErrorTestSuites":0,"numTodoTests":10,"numTotalTestSuites":8,"numTotalTests":40,"openHandles":[],"snapshot":{"added":0,"didUpdate":false,"failure":false,"filesAdded":0,"filesRemoved":0,"filesRemovedList":[],"filesUnmatched":0,"filesUpdated":0,"matched":0,"total":0,"unchecked":0,"uncheckedKeysByFile":[],"unmatched":0,"updated":0},"startTime":1700908345181,"success":true,"testResults":[{"assertionResults":[{"ancestorTitles":["Password Reset Form"],"duration":76,"failureDetails":[],"failureMessages":[],"fullName":"Password Reset Form renders a submit button to send the forgot password mail to the input email","invocations":1,"location":null,"numPassingAsserts":2,"retryReasons":[],"status":"passed","title":"renders a submit button to send the forgot password mail to the input email"},{"ancestorTitles":["Password Reset Form"],"duration":91,"failureDetails":[],"failureMessages":[],"fullName":"Password Reset Form password field accepts input","invocations":1,"location":null,"numPassingAsserts":1,"retryReasons":[],"status":"passed","title":"password field accepts input"},{"ancestorTitles":["Password Reset Form"],"duration":69,"failureDetails":[],"failureMessages":[],"fullName":"Password Reset Form password form submits data to callback","invocations":1,"location":null,"numPassingAsserts":1,"retryReasons":[],"status":"passed","title":"password form submits data to callback"},{"ancestorTitles":["Password Reset Form"],"duration":6,"failureDetails":[],"failureMessages":[],"fullName":"Password Reset Form renders with a password label","invocations":1,"location":null,"numPassingAsserts":1,"retryReasons":[],"status":"passed","title":"renders with a password label"},{"ancestorTitles":["Password Reset Form"],"duration":4,"failureDetails":[],"failureMessages":[],"fullName":"Password Reset Form Close button works","invocations":1,"location":null,"numPassingAsserts":1,"retryReasons":[],"status":"passed","title":"Close button works"}],"endTime":1700908351739,"message":"","name":"/home/ryan/Code/CMPT/370/repo/src/tests/components/change-password-form.test.tsx","startTime":1700908345706,"status":"passed","summary":""},{"assertionResults":[{"ancestorTitles":["Authentication Page"],"duration":576,"failureDetails":[],"failureMessages":[],"fullName":"Authentication Page renders decorative sidebar image","invocations":1,"location":null,"numPassingAsserts":3,"retryReasons":[],"status":"passed","title":"renders decorative sidebar image"},{"ancestorTitles":["Authentication Page"],"duration":21,"failureDetails":[],"failureMessages":[],"fullName":"Authentication Page renders corner logo","invocations":1,"location":null,"numPassingAsserts":3,"retryReasons":[],"status":"passed","title":"renders corner logo"},{"ancestorTitles":["Authentication Page"],"duration":28,"failureDetails":[],"failureMessages":[],"fullName":"Authentication Page renders with an email field","invocations":1,"location":null,"numPassingAsserts":2,"retryReasons":[],"status":"passed","title":"renders with an email field"},{"ancestorTitles":["Authentication Page"],"duration":8,"failureDetails":[],"failureMessages":[],"fullName":"Authentication Page renders with a password field","invocations":1,"location":null,"numPassingAsserts":3,"retryReasons":[],"status":"passed","title":"renders with a password field"},{"ancestorTitles":["Authentication Page"],"duration":29,"failureDetails":[],"failureMessages":[],"fullName":"Authentication Page renders a submit button to send the form","invocations":1,"location":null,"numPassingAsserts":1,"retryReasons":[],"status":"passed","title":"renders a submit button to send the form"}],"endTime":1700908351951,"message":"","name":"/home/ryan/Code/CMPT/370/repo/src/tests/pages/Authentication.test.tsx","startTime":1700908345712,"status":"passed","summary":""},{"assertionResults":[{"ancestorTitles":["Sales Table Component"],"duration":null,"failureDetails":[],"failureMessages":[],"fullName":"Sales Table Component Test this! No longer needs auth. Just use the provided data!","invocations":1,"location":null,"numPassingAsserts":0,"retryReasons":[],"status":"todo","title":"Test this! No longer needs auth. Just use the provided data!"},{"ancestorTitles":["Sales Table Component"],"duration":null,"failureDetails":[],"failureMessages":[],"fullName":"Sales Table Component Test that table actually displays some data","invocations":1,"location":null,"numPassingAsserts":0,"retryReasons":[],"status":"todo","title":"Test that table actually displays some data"},{"ancestorTitles":["Sales Table Component"],"duration":null,"failureDetails":[],"failureMessages":[],"fullName":"Sales Table Component Test that the table has a row options button","invocations":1,"location":null,"numPassingAsserts":0,"retryReasons":[],"status":"todo","title":"Test that the table has a row options button"},{"ancestorTitles":["Sales Table Component"],"duration":null,"failureDetails":[],"failureMessages":[],"fullName":"Sales Table Component Test that the row action buttons actually work (can't test deletes)","invocations":1,"location":null,"numPassingAsserts":0,"retryReasons":[],"status":"todo","title":"Test that the row action buttons actually work (can't test deletes)"},{"ancestorTitles":["Sales Table Component"],"duration":null,"failureDetails":[],"failureMessages":[],"fullName":"Sales Table Component Test if there's a filter button? if the filtering even works?","invocations":1,"location":null,"numPassingAsserts":0,"retryReasons":[],"status":"todo","title":"Test if there's a filter button? if the filtering even works?"},{"ancestorTitles":["Sales Table Component"],"duration":397,"failureDetails":[],"failureMessages":[],"fullName":"Sales Table Component test rendering the add sale modal on click","invocations":1,"location":null,"numPassingAsserts":1,"retryReasons":[],"status":"passed","title":"test rendering the add sale modal on click"}],"endTime":1700908352251,"message":"","name":"/home/ryan/Code/CMPT/370/repo/src/tests/components/sales-table.test.tsx","startTime":1700908345695,"status":"passed","summary":""},{"assertionResults":[{"ancestorTitles":["Dashboard Page"],"duration":null,"failureDetails":[],"failureMessages":[],"fullName":"Dashboard Page Focus on making component tests for various parts of the dashboard, rather than this page","invocations":1,"location":null,"numPassingAsserts":0,"retryReasons":[],"status":"todo","title":"Focus on making component tests for various parts of the dashboard, rather than this page"},{"ancestorTitles":["Dashboard Page"],"duration":654,"failureDetails":[],"failureMessages":[],"fullName":"Dashboard Page renders the date range picker and download button","invocations":1,"location":null,"numPassingAsserts":2,"retryReasons":[],"status":"passed","title":"renders the date range picker and download button"},{"ancestorTitles":["Dashboard Page"],"duration":85,"failureDetails":[],"failureMessages":[],"fullName":"Dashboard Page displays the most sold vehicle card","invocations":1,"location":null,"numPassingAsserts":1,"retryReasons":[],"status":"passed","title":"displays the most sold vehicle card"}],"endTime":1700908352394,"message":"","name":"/home/ryan/Code/CMPT/370/repo/src/tests/dashboard-page.test.tsx","startTime":1700908345699,"status":"passed","summary":""},{"assertionResults":[{"ancestorTitles":["Base Form Dialog Component"],"duration":65,"failureDetails":[],"failureMessages":[],"fullName":"Base Form Dialog Component renders with passed in title prop","invocations":1,"location":null,"numPassingAsserts":2,"retryReasons":[],"status":"passed","title":"renders with passed in title prop"},{"ancestorTitles":["Base Form Dialog Component"],"duration":14,"failureDetails":[],"failureMessages":[],"fullName":"Base Form Dialog Component renders with passed in empty body prop","invocations":1,"location":null,"numPassingAsserts":1,"retryReasons":[],"status":"passed","title":"renders with passed in empty body prop"},{"ancestorTitles":["Base Form Dialog Component"],"duration":96,"failureDetails":[],"failureMessages":[],"fullName":"Base Form Dialog Component renders with the employee edit form","invocations":1,"location":null,"numPassingAsserts":9,"retryReasons":[],"status":"passed","title":"renders with the employee edit form"}],"endTime":1700908352529,"message":"","name":"/home/ryan/Code/CMPT/370/repo/src/tests/components/form-dialog.test.tsx","startTime":1700908351968,"status":"passed","summary":""},{"assertionResults":[{"ancestorTitles":["User Authentication form"],"duration":48,"failureDetails":[],"failureMessages":[],"fullName":"User Authentication form renders with a email label","invocations":1,"location":null,"numPassingAsserts":1,"retryReasons":[],"status":"passed","title":"renders with a email label"},{"ancestorTitles":["User Authentication form"],"duration":7,"failureDetails":[],"failureMessages":[],"fullName":"User Authentication form renders with a password label","invocations":1,"location":null,"numPassingAsserts":1,"retryReasons":[],"status":"passed","title":"renders with a password label"},{"ancestorTitles":["User Authentication form"],"duration":6,"failureDetails":[],"failureMessages":[],"fullName":"User Authentication form renders with an email field","invocations":1,"location":null,"numPassingAsserts":3,"retryReasons":[],"status":"passed","title":"renders with an email field"},{"ancestorTitles":["User Authentication form"],"duration":5,"failureDetails":[],"failureMessages":[],"fullName":"User Authentication form renders with a password field","invocations":1,"location":null,"numPassingAsserts":3,"retryReasons":[],"status":"passed","title":"renders with a password field"},{"ancestorTitles":["User Authentication form"],"duration":53,"failureDetails":[],"failureMessages":[],"fullName":"User Authentication form renders a submit button to send the form","invocations":1,"location":null,"numPassingAsserts":1,"retryReasons":[],"status":"passed","title":"renders a submit button to send the form"},{"ancestorTitles":["User Authentication form"],"duration":754,"failureDetails":[],"failureMessages":[],"fullName":"User Authentication form allows a user to login and receive confirmation","invocations":1,"location":null,"numPassingAsserts":1,"retryReasons":[],"status":"passed","title":"allows a user to login and receive confirmation"}],"endTime":1700908352568,"message":"","name":"/home/ryan/Code/CMPT/370/repo/src/tests/components/user-auth-form.test.tsx","startTime":1700908345683,"status":"passed","summary":""},{"assertionResults":[{"ancestorTitles":["Employee Table Component"],"duration":317,"failureDetails":[],"failureMessages":[],"fullName":"Employee Table Component renders the table header","invocations":1,"location":null,"numPassingAsserts":1,"retryReasons":[],"status":"passed","title":"renders the table header"},{"ancestorTitles":["Employee Table Component"],"duration":44,"failureDetails":[],"failureMessages":[],"fullName":"Employee Table Component renders the filter textbox","invocations":1,"location":null,"numPassingAsserts":2,"retryReasons":[],"status":"passed","title":"renders the filter textbox"}],"endTime":1700908352713,"message":"","name":"/home/ryan/Code/CMPT/370/repo/src/tests/components/employee-table.test.tsx","startTime":1700908351750,"status":"passed","summary":""},{"assertionResults":[{"ancestorTitles":[],"duration":441,"failureDetails":[],"failureMessages":[],"fullName":"logging in as the default user","invocations":1,"location":null,"numPassingAsserts":3,"retryReasons":[],"status":"passed","title":"logging in as the default user"},{"ancestorTitles":[],"duration":375,"failureDetails":[],"failureMessages":[],"fullName":"logging in as the admin user","invocations":1,"location":null,"numPassingAsserts":3,"retryReasons":[],"status":"passed","title":"logging in as the admin user"},{"ancestorTitles":[],"duration":834,"failureDetails":[],"failureMessages":[],"fullName":"changing a user's password","invocations":1,"location":null,"numPassingAsserts":4,"retryReasons":[],"status":"passed","title":"changing a user's password"},{"ancestorTitles":[],"duration":370,"failureDetails":[],"failureMessages":[],"fullName":"logging in with changed credentials","invocations":1,"location":null,"numPassingAsserts":3,"retryReasons":[],"status":"passed","title":"logging in with changed credentials"},{"ancestorTitles":[],"duration":838,"failureDetails":[],"failureMessages":[],"fullName":"changing user credentials back","invocations":1,"location":null,"numPassingAsserts":3,"retryReasons":[],"status":"passed","title":"changing user credentials back"},{"ancestorTitles":[],"duration":null,"failureDetails":[],"failureMessages":[],"fullName":"access a non protected route as a normal user","invocations":1,"location":null,"numPassingAsserts":0,"retryReasons":[],"status":"todo","title":"access a non protected route as a normal user"},{"ancestorTitles":[],"duration":null,"failureDetails":[],"failureMessages":[],"fullName":"access a protected route as a normal user","invocations":1,"location":null,"numPassingAsserts":0,"retryReasons":[],"status":"todo","title":"access a protected route as a normal user"},{"ancestorTitles":[],"duration":null,"failureDetails":[],"failureMessages":[],"fullName":"access a non protected route as an admin","invocations":1,"location":null,"numPassingAsserts":0,"retryReasons":[],"status":"todo","title":"access a non protected route as an admin"},{"ancestorTitles":[],"duration":null,"failureDetails":[],"failureMessages":[],"fullName":"access a protected route as an admin","invocations":1,"location":null,"numPassingAsserts":0,"retryReasons":[],"status":"todo","title":"access a protected route as an admin"},{"ancestorTitles":[],"duration":318,"failureDetails":[],"failureMessages":[],"fullName":"log out","invocations":1,"location":null,"numPassingAsserts":1,"retryReasons":[],"status":"passed","title":"log out"}],"endTime":1700908354351,"message":"","name":"/home/ryan/Code/CMPT/370/repo/src/tests/functions/supabase.test.tsx","startTime":1700908345679,"status":"passed","summary":""}],"wasInterrupted":false}
