{"numFailedTestSuites":0,"numFailedTests":0,"numPassedTestSuites":9,"numPassedTests":27,"numPendingTestSuites":0,"numPendingTests":0,"numRuntimeErrorTestSuites":0,"numTodoTests":2,"numTotalTestSuites":9,"numTotalTests":29,"openHandles":[],"snapshot":{"added":0,"didUpdate":false,"failure":false,"filesAdded":0,"filesRemoved":0,"filesRemovedList":[],"filesUnmatched":0,"filesUpdated":0,"matched":0,"total":0,"unchecked":0,"uncheckedKeysByFile":[],"unmatched":0,"updated":0},"startTime":1699445468124,"success":true,"testResults":[{"assertionResults":[{"ancestorTitles":["Base Form Dialog Component"],"duration":163,"failureDetails":[],"failureMessages":[],"fullName":"Base Form Dialog Component renders with passed in title prop","invocations":1,"location":null,"numPassingAsserts":2,"retryReasons":[],"status":"passed","title":"renders with passed in title prop"},{"ancestorTitles":["Base Form Dialog Component"],"duration":34,"failureDetails":[],"failureMessages":[],"fullName":"Base Form Dialog Component renders with passed in empty body prop","invocations":1,"location":null,"numPassingAsserts":1,"retryReasons":[],"status":"passed","title":"renders with passed in empty body prop"}],"endTime":1699445475219,"message":"","name":"/home/ryan/Code/CMPT/370/repo/src/tests/components/FormDialog.test.tsx","startTime":1699445468860,"status":"passed","summary":""},{"assertionResults":[{"ancestorTitles":["Authentication Page"],"duration":158,"failureDetails":[],"failureMessages":[],"fullName":"Authentication Page renders decorative sidebar image","invocations":1,"location":null,"numPassingAsserts":3,"retryReasons":[],"status":"passed","title":"renders decorative sidebar image"},{"ancestorTitles":["Authentication Page"],"duration":35,"failureDetails":[],"failureMessages":[],"fullName":"Authentication Page renders corner logo","invocations":1,"location":null,"numPassingAsserts":3,"retryReasons":[],"status":"passed","title":"renders corner logo"},{"ancestorTitles":["Authentication Page"],"duration":37,"failureDetails":[],"failureMessages":[],"fullName":"Authentication Page renders with an email field","invocations":1,"location":null,"numPassingAsserts":2,"retryReasons":[],"status":"passed","title":"renders with an email field"},{"ancestorTitles":["Authentication Page"],"duration":12,"failureDetails":[],"failureMessages":[],"fullName":"Authentication Page renders with a password field","invocations":1,"location":null,"numPassingAsserts":3,"retryReasons":[],"status":"passed","title":"renders with a password field"},{"ancestorTitles":["Authentication Page"],"duration":38,"failureDetails":[],"failureMessages":[],"fullName":"Authentication Page renders a submit button to send the form","invocations":1,"location":null,"numPassingAsserts":1,"retryReasons":[],"status":"passed","title":"renders a submit button to send the form"}],"endTime":1699445475587,"message":"","name":"/home/ryan/Code/CMPT/370/repo/src/tests/pages/Authentication.test.tsx","startTime":1699445468933,"status":"passed","summary":""},{"assertionResults":[{"ancestorTitles":[],"duration":1,"failureDetails":[],"failureMessages":[],"fullName":"pass","invocations":1,"location":null,"numPassingAsserts":0,"retryReasons":[],"status":"passed","title":"pass"}],"endTime":1699445475791,"message":"","name":"/home/ryan/Code/CMPT/370/repo/src/tests/components/TableSortButton.test.tsx","startTime":1699445475608,"status":"passed","summary":""},{"assertionResults":[{"ancestorTitles":["MainNav Component"],"duration":54,"failureDetails":[],"failureMessages":[],"fullName":"MainNav Component renders MainNav component","invocations":1,"location":null,"numPassingAsserts":0,"retryReasons":[],"status":"passed","title":"renders MainNav component"},{"ancestorTitles":["MainNav Component"],"duration":37,"failureDetails":[],"failureMessages":[],"fullName":"MainNav Component displays navigation links","invocations":1,"location":null,"numPassingAsserts":1,"retryReasons":[],"status":"passed","title":"displays navigation links"}],"endTime":1699445475840,"message":"","name":"/home/ryan/Code/CMPT/370/repo/src/tests/components/main-nav.test.tsx","startTime":1699445475241,"status":"passed","summary":""},{"assertionResults":[{"ancestorTitles":["Employee Table Component"],"duration":384,"failureDetails":[],"failureMessages":[],"fullName":"Employee Table Component renders the table header","invocations":1,"location":null,"numPassingAsserts":1,"retryReasons":[],"status":"passed","title":"renders the table header"},{"ancestorTitles":["Employee Table Component"],"duration":91,"failureDetails":[],"failureMessages":[],"fullName":"Employee Table Component renders the filter textbox","invocations":1,"location":null,"numPassingAsserts":2,"retryReasons":[],"status":"passed","title":"renders the filter textbox"}],"endTime":1699445475850,"message":"","name":"/home/ryan/Code/CMPT/370/repo/src/tests/components/EmployeeTable.test.tsx","startTime":1699445468898,"status":"passed","summary":""},{"assertionResults":[{"ancestorTitles":["Forgot Password Form Dialog"],"duration":null,"failureDetails":[],"failureMessages":[],"fullName":"Forgot Password Form Dialog all unit tests","invocations":1,"location":null,"numPassingAsserts":0,"retryReasons":[],"status":"todo","title":"all unit tests"},{"ancestorTitles":["Forgot Password Form Dialog"],"duration":null,"failureDetails":[],"failureMessages":[],"fullName":"Forgot Password Form Dialog all integration tests","invocations":1,"location":null,"numPassingAsserts":0,"retryReasons":[],"status":"todo","title":"all integration tests"}],"endTime":1699445475975,"message":"","name":"/home/ryan/Code/CMPT/370/repo/src/tests/components/ForgotPasswordDialog.test.tsx","startTime":1699445475803,"status":"passed","summary":""},{"assertionResults":[{"ancestorTitles":["supabase auth integration testing"],"duration":522,"failureDetails":[],"failureMessages":[],"fullName":"supabase auth integration testing logging in as the default user","invocations":1,"location":null,"numPassingAsserts":3,"retryReasons":[],"status":"passed","title":"logging in as the default user"},{"ancestorTitles":["supabase auth integration testing"],"duration":399,"failureDetails":[],"failureMessages":[],"fullName":"supabase auth integration testing logging in as the admin user","invocations":1,"location":null,"numPassingAsserts":3,"retryReasons":[],"status":"passed","title":"logging in as the admin user"},{"ancestorTitles":["supabase auth integration testing"],"duration":0,"failureDetails":[],"failureMessages":[],"fullName":"supabase auth integration testing changing a user's password","invocations":1,"location":null,"numPassingAsserts":0,"retryReasons":[],"status":"passed","title":"changing a user's password"},{"ancestorTitles":["supabase auth integration testing"],"duration":395,"failureDetails":[],"failureMessages":[],"fullName":"supabase auth integration testing logging in with changed credentials (unfinished)","invocations":1,"location":null,"numPassingAsserts":3,"retryReasons":[],"status":"passed","title":"logging in with changed credentials (unfinished)"},{"ancestorTitles":["supabase auth integration testing"],"duration":287,"failureDetails":[],"failureMessages":[],"fullName":"supabase auth integration testing log out","invocations":1,"location":null,"numPassingAsserts":1,"retryReasons":[],"status":"passed","title":"log out"}],"endTime":1699445476397,"message":"","name":"/home/ryan/Code/CMPT/370/repo/src/tests/functions/supabase.test.tsx","startTime":1699445468930,"status":"passed","summary":""},{"assertionResults":[{"ancestorTitles":["Dashboard Page"],"duration":165,"failureDetails":[],"failureMessages":[],"fullName":"Dashboard Page renders the dashboard page title","invocations":1,"location":null,"numPassingAsserts":1,"retryReasons":[],"status":"passed","title":"renders the dashboard page title"},{"ancestorTitles":["Dashboard Page"],"duration":78,"failureDetails":[],"failureMessages":[],"fullName":"Dashboard Page renders the date range picker and download button","invocations":1,"location":null,"numPassingAsserts":1,"retryReasons":[],"status":"passed","title":"renders the date range picker and download button"},{"ancestorTitles":["Dashboard Page"],"duration":97,"failureDetails":[],"failureMessages":[],"fullName":"Dashboard Page renders the tabs with Overview tab selected by default","invocations":1,"location":null,"numPassingAsserts":8,"retryReasons":[],"status":"passed","title":"renders the tabs with Overview tab selected by default"},{"ancestorTitles":["Dashboard Page"],"duration":37,"failureDetails":[],"failureMessages":[],"fullName":"Dashboard Page displays the first monthly revenue card","invocations":1,"location":null,"numPassingAsserts":2,"retryReasons":[],"status":"passed","title":"displays the first monthly revenue card"}],"endTime":1699445476411,"message":"","name":"/home/ryan/Code/CMPT/370/repo/src/tests/components/DashboardPage.test.tsx","startTime":1699445468918,"status":"passed","summary":""},{"assertionResults":[{"ancestorTitles":["User Authentication form"],"duration":54,"failureDetails":[],"failureMessages":[],"fullName":"User Authentication form renders with a email label","invocations":1,"location":null,"numPassingAsserts":1,"retryReasons":[],"status":"passed","title":"renders with a email label"},{"ancestorTitles":["User Authentication form"],"duration":7,"failureDetails":[],"failureMessages":[],"fullName":"User Authentication form renders with a password label","invocations":1,"location":null,"numPassingAsserts":1,"retryReasons":[],"status":"passed","title":"renders with a password label"},{"ancestorTitles":["User Authentication form"],"duration":7,"failureDetails":[],"failureMessages":[],"fullName":"User Authentication form renders with an email field","invocations":1,"location":null,"numPassingAsserts":3,"retryReasons":[],"status":"passed","title":"renders with an email field"},{"ancestorTitles":["User Authentication form"],"duration":5,"failureDetails":[],"failureMessages":[],"fullName":"User Authentication form renders with a password field","invocations":1,"location":null,"numPassingAsserts":3,"retryReasons":[],"status":"passed","title":"renders with a password field"},{"ancestorTitles":["User Authentication form"],"duration":53,"failureDetails":[],"failureMessages":[],"fullName":"User Authentication form renders a submit button to send the form","invocations":1,"location":null,"numPassingAsserts":1,"retryReasons":[],"status":"passed","title":"renders a submit button to send the form"},{"ancestorTitles":["User Authentication form"],"duration":716,"failureDetails":[],"failureMessages":[],"fullName":"User Authentication form allows a user to login and receive confirmation","invocations":1,"location":null,"numPassingAsserts":1,"retryReasons":[],"status":"passed","title":"allows a user to login and receive confirmation"}],"endTime":1699445478206,"message":"","name":"/home/ryan/Code/CMPT/370/repo/src/tests/components/user-auth-form.test.tsx","startTime":1699445468976,"status":"passed","summary":""}],"wasInterrupted":false}
